2025-07-09 20:57:09,347 - __main__ - INFO - gpu可以使用，迁移模型至gpu
2025-07-09 20:57:12,676 - __main__ - INFO - epoch 1 begin
2025-07-09 20:57:13,109 - __main__ - INFO - epoch average loss: 0.069198
2025-07-09 20:57:13,109 - __main__ - INFO - 开始测试第1轮模型效果：
2025-07-09 20:57:13,232 - __main__ - INFO - 预测集合条目总量：464
2025-07-09 20:57:13,233 - __main__ - INFO - 预测正确条目：405，预测错误条目：59
2025-07-09 20:57:13,233 - __main__ - INFO - 预测准确率：0.872845
2025-07-09 20:57:13,233 - __main__ - INFO - --------------------
2025-07-09 20:57:13,233 - __main__ - INFO - epoch 2 begin
2025-07-09 20:57:13,279 - __main__ - INFO - epoch average loss: 0.058206
2025-07-09 20:57:13,279 - __main__ - INFO - 开始测试第2轮模型效果：
2025-07-09 20:57:13,391 - __main__ - INFO - 预测集合条目总量：464
2025-07-09 20:57:13,392 - __main__ - INFO - 预测正确条目：412，预测错误条目：52
2025-07-09 20:57:13,392 - __main__ - INFO - 预测准确率：0.887931
2025-07-09 20:57:13,392 - __main__ - INFO - --------------------
2025-07-09 20:57:13,392 - __main__ - INFO - epoch 3 begin
2025-07-09 20:57:13,442 - __main__ - INFO - epoch average loss: 0.059303
2025-07-09 20:57:13,442 - __main__ - INFO - 开始测试第3轮模型效果：
2025-07-09 20:57:13,552 - __main__ - INFO - 预测集合条目总量：464
2025-07-09 20:57:13,552 - __main__ - INFO - 预测正确条目：416，预测错误条目：48
2025-07-09 20:57:13,552 - __main__ - INFO - 预测准确率：0.896552
2025-07-09 20:57:13,554 - __main__ - INFO - --------------------
2025-07-09 20:57:13,554 - __main__ - INFO - epoch 4 begin
2025-07-09 20:57:13,602 - __main__ - INFO - epoch average loss: nan
2025-07-09 20:57:13,602 - __main__ - INFO - 开始测试第4轮模型效果：
2025-07-09 20:57:13,720 - __main__ - INFO - 预测集合条目总量：464
2025-07-09 20:57:13,720 - __main__ - INFO - 预测正确条目：416，预测错误条目：48
2025-07-09 20:57:13,720 - __main__ - INFO - 预测准确率：0.896552
2025-07-09 20:57:13,720 - __main__ - INFO - --------------------
2025-07-09 20:57:13,720 - __main__ - INFO - epoch 5 begin
2025-07-09 20:57:13,770 - __main__ - INFO - epoch average loss: 0.055599
2025-07-09 20:57:13,770 - __main__ - INFO - 开始测试第5轮模型效果：
2025-07-09 20:57:13,883 - __main__ - INFO - 预测集合条目总量：464
2025-07-09 20:57:13,883 - __main__ - INFO - 预测正确条目：414，预测错误条目：50
2025-07-09 20:57:13,883 - __main__ - INFO - 预测准确率：0.892241
2025-07-09 20:57:13,883 - __main__ - INFO - --------------------
2025-07-09 20:57:13,883 - __main__ - INFO - epoch 6 begin
2025-07-09 20:57:13,932 - __main__ - INFO - epoch average loss: 0.046518
2025-07-09 20:57:13,932 - __main__ - INFO - 开始测试第6轮模型效果：
2025-07-09 20:57:14,038 - __main__ - INFO - 预测集合条目总量：464
2025-07-09 20:57:14,038 - __main__ - INFO - 预测正确条目：414，预测错误条目：50
2025-07-09 20:57:14,038 - __main__ - INFO - 预测准确率：0.892241
2025-07-09 20:57:14,038 - __main__ - INFO - --------------------
2025-07-09 20:57:14,038 - __main__ - INFO - epoch 7 begin
2025-07-09 20:57:14,088 - __main__ - INFO - epoch average loss: 0.050364
2025-07-09 20:57:14,088 - __main__ - INFO - 开始测试第7轮模型效果：
2025-07-09 20:57:14,206 - __main__ - INFO - 预测集合条目总量：464
2025-07-09 20:57:14,207 - __main__ - INFO - 预测正确条目：414，预测错误条目：50
2025-07-09 20:57:14,207 - __main__ - INFO - 预测准确率：0.892241
2025-07-09 20:57:14,207 - __main__ - INFO - --------------------
2025-07-09 20:57:14,207 - __main__ - INFO - epoch 8 begin
2025-07-09 20:57:14,253 - __main__ - INFO - epoch average loss: nan
2025-07-09 20:57:14,253 - __main__ - INFO - 开始测试第8轮模型效果：
2025-07-09 20:57:14,360 - __main__ - INFO - 预测集合条目总量：464
2025-07-09 20:57:14,360 - __main__ - INFO - 预测正确条目：416，预测错误条目：48
2025-07-09 20:57:14,360 - __main__ - INFO - 预测准确率：0.896552
2025-07-09 20:57:14,360 - __main__ - INFO - --------------------
2025-07-09 20:57:14,360 - __main__ - INFO - epoch 9 begin
2025-07-09 20:57:14,409 - __main__ - INFO - epoch average loss: 0.032017
2025-07-09 20:57:14,409 - __main__ - INFO - 开始测试第9轮模型效果：
2025-07-09 20:57:14,516 - __main__ - INFO - 预测集合条目总量：464
2025-07-09 20:57:14,516 - __main__ - INFO - 预测正确条目：413，预测错误条目：51
2025-07-09 20:57:14,516 - __main__ - INFO - 预测准确率：0.890086
2025-07-09 20:57:14,516 - __main__ - INFO - --------------------
2025-07-09 20:57:14,516 - __main__ - INFO - epoch 10 begin
2025-07-09 20:57:14,561 - __main__ - INFO - epoch average loss: nan
2025-07-09 20:57:14,561 - __main__ - INFO - 开始测试第10轮模型效果：
2025-07-09 20:57:14,681 - __main__ - INFO - 预测集合条目总量：464
2025-07-09 20:57:14,681 - __main__ - INFO - 预测正确条目：414，预测错误条目：50
2025-07-09 20:57:14,681 - __main__ - INFO - 预测准确率：0.892241
2025-07-09 20:57:14,681 - __main__ - INFO - --------------------

进程已结束，退出代码为 0
