D:\Anaconda3\envs\py39\python.exe "D:\AI\练习\pythonProject\week10 文本生成问题\bert语言模型生成文本\nnlm.py"
2025-07-20 22:31:23,816 - __main__ - INFO - gpu可以使用，迁移模型至gpu
文本词表模型加载完毕，开始训练
2025-07-20 22:31:26,873 - __main__ - INFO - epoch 0 begin
2025-07-20 22:33:16,343 - __main__ - INFO - epoch average loss: 6.325120
=========
第1轮平均loss:6.325120
让他在半年之前，就不能做出看常持妖发大境，这强吗。这这这那摆的
李慕站在山路上，深深的呼吸李慕李慕李慕李慕李慕者的多人，也地了
2025-07-20 22:33:16,942 - __main__ - INFO - epoch 1 begin
=========
第2轮平均loss:2.222260
2025-07-20 22:35:08,797 - __main__ - INFO - epoch average loss: 2.222260
让他在半年之前，就不能做出做做做做做的救，他的作子，押步，发现
2025-07-20 22:35:09,326 - __main__ - INFO - epoch 2 begin
李慕站在山路上，深深的呼吸##紳慕惊炼惊白，了了一个前老的，他
2025-07-20 22:37:11,065 - __main__ - INFO - epoch average loss: 0.737514
=========
第3轮平均loss:0.737514
让他在半年之前，就不能做出做做做做做了一个人，一个人，只有一个
李慕站在山路上，深深的呼吸吸吸相吸相吸铺眼，只有一来，他只有一
2025-07-20 22:37:11,664 - __main__ - INFO - epoch 3 begin
2025-07-20 22:39:13,533 - __main__ - INFO - epoch average loss: 0.467732
=========
第4轮平均loss:0.467732
让他在半年之前，就不能做出做做做做半年之前，中时，他看了看了看
2025-07-20 22:39:14,061 - __main__ - INFO - epoch 4 begin
李慕站在山路上，深深的呼吸吸吸吸吸吸吸。李慕说道：[UNK]一
2025-07-20 22:41:16,017 - __main__ - INFO - epoch average loss: 0.368602
=========
第5轮平均loss:0.368602
让他在半年之前，就不能做出做做做做半年工量的有一名。李慕还有可
2025-07-20 22:41:16,611 - __main__ - INFO - epoch 5 begin
李慕站在山路上，深深的呼吸吸吸吸吸吸仆配的，她的心中，和她不部
=========
第6轮平均loss:0.330842
2025-07-20 22:43:19,111 - __main__ - INFO - epoch average loss: 0.330842
让他在半年之前，就不能做出做做做做做做？，你的事情看位。我有些
李慕站在山路上，深深的呼吸吸吸吸吸吸吸的，就是什么。都是周家的
2025-07-20 22:43:19,700 - __main__ - INFO - epoch 6 begin
=========
第7轮平均loss:0.289623
2025-07-20 22:45:22,414 - __main__ - INFO - epoch average loss: 0.289623
让他在半年之前，就不能做出做出做出半年的，一座一座。一位的官员
李慕站在山路上，深深的呼吸吸吸吸吸吸吸猫痛，的多的，结合了一一
2025-07-20 22:45:23,033 - __main__ - INFO - epoch 7 begin
=========
第8轮平均loss:0.293985
2025-07-20 22:47:25,875 - __main__ - INFO - epoch average loss: 0.293985
让他在半年之前，就不能做出做出做出做出做的，不以后比他一个人都
李慕站在山路上，深深的呼吸，一里站在弟子中，只有一个单人的修行
2025-07-20 22:47:26,468 - __main__ - INFO - epoch 8 begin


D:\Anaconda3\envs\py39\python.exe "D:\AI\练习\pythonProject\week10 文本生成问题\bert语言模型生成文本\nnlm.py"
2025-07-20 22:31:23,816 - __main__ - INFO - gpu可以使用，迁移模型至gpu
文本词表模型加载完毕，开始训练
2025-07-20 22:31:26,873 - __main__ - INFO - epoch 0 begin
2025-07-20 22:33:16,343 - __main__ - INFO - epoch average loss: 6.325120
=========
第1轮平均loss:6.325120
让他在半年之前，就不能做出看常持妖发大境，这强吗。这这这那摆的
李慕站在山路上，深深的呼吸李慕李慕李慕李慕李慕者的多人，也地了
2025-07-20 22:33:16,942 - __main__ - INFO - epoch 1 begin
=========
第2轮平均loss:2.222260
2025-07-20 22:35:08,797 - __main__ - INFO - epoch average loss: 2.222260
让他在半年之前，就不能做出做做做做做的救，他的作子，押步，发现
2025-07-20 22:35:09,326 - __main__ - INFO - epoch 2 begin
李慕站在山路上，深深的呼吸##紳慕惊炼惊白，了了一个前老的，他
2025-07-20 22:37:11,065 - __main__ - INFO - epoch average loss: 0.737514
=========
第3轮平均loss:0.737514
让他在半年之前，就不能做出做做做做做了一个人，一个人，只有一个
李慕站在山路上，深深的呼吸吸吸相吸相吸铺眼，只有一来，他只有一
2025-07-20 22:37:11,664 - __main__ - INFO - epoch 3 begin
2025-07-20 22:39:13,533 - __main__ - INFO - epoch average loss: 0.467732
=========
第4轮平均loss:0.467732
让他在半年之前，就不能做出做做做做半年之前，中时，他看了看了看
2025-07-20 22:39:14,061 - __main__ - INFO - epoch 4 begin
李慕站在山路上，深深的呼吸吸吸吸吸吸吸。李慕说道：[UNK]一
2025-07-20 22:41:16,017 - __main__ - INFO - epoch average loss: 0.368602
=========
第5轮平均loss:0.368602
让他在半年之前，就不能做出做做做做半年工量的有一名。李慕还有可
2025-07-20 22:41:16,611 - __main__ - INFO - epoch 5 begin
李慕站在山路上，深深的呼吸吸吸吸吸吸仆配的，她的心中，和她不部
=========
第6轮平均loss:0.330842
2025-07-20 22:43:19,111 - __main__ - INFO - epoch average loss: 0.330842
让他在半年之前，就不能做出做做做做做做？，你的事情看位。我有些
李慕站在山路上，深深的呼吸吸吸吸吸吸吸的，就是什么。都是周家的
2025-07-20 22:43:19,700 - __main__ - INFO - epoch 6 begin
=========
第7轮平均loss:0.289623
2025-07-20 22:45:22,414 - __main__ - INFO - epoch average loss: 0.289623
让他在半年之前，就不能做出做出做出半年的，一座一座。一位的官员
李慕站在山路上，深深的呼吸吸吸吸吸吸吸猫痛，的多的，结合了一一
2025-07-20 22:45:23,033 - __main__ - INFO - epoch 7 begin
=========
第8轮平均loss:0.293985
2025-07-20 22:47:25,875 - __main__ - INFO - epoch average loss: 0.293985
让他在半年之前，就不能做出做出做出做出做的，不以后比他一个人都
李慕站在山路上，深深的呼吸，一里站在弟子中，只有一个单人的修行
2025-07-20 22:47:26,468 - __main__ - INFO - epoch 8 begin
=========
第9轮平均loss:0.267697
2025-07-20 22:49:30,265 - __main__ - INFO - epoch average loss: 0.267697
让他在半年之前，就不能做出做出做出一个一个，一个年轻的，就是为
2025-07-20 22:49:30,772 - __main__ - INFO - epoch 9 begin
李慕站在山路上，深深的呼吸吸吸吸吸吸吸吸了吸引，问道：[UNK]
=========
第10轮平均loss:0.254022
2025-07-20 22:51:34,561 - __main__ - INFO - epoch average loss: 0.254022
让他在半年之前，就不能做出做出做出做的，就被李慕道：[UNK]
2025-07-20 22:51:35,044 - __main__ - INFO - epoch 10 begin
李慕站在山路上，深深的呼吸属属属属属属。李慕，一片人，一片人，
=========
第11轮平均loss:0.244720
2025-07-20 22:53:38,737 - __main__ - INFO - epoch average loss: 0.244720
让他在半年之前，就不能做出他在半在半在梅大人的身上，此人的仇会
李慕站在山路上，深深的呼吸突破破破破破，这些符，祖庭，要不要，
2025-07-20 22:53:39,318 - __main__ - INFO - epoch 11 begin
2025-07-20 22:55:42,595 - __main__ - INFO - epoch average loss: 0.239572
=========
第12轮平均loss:0.239572
让他在半年之前，就不能做出做出做出做好做的，不会死，这是这就会
李慕站在山路上，深深的呼吸吸吸吸吸吸耸耸，居然是一个人的，李慕
2025-07-20 22:55:43,171 - __main__ - INFO - epoch 12 begin
=========
第13轮平均loss:0.235538
2025-07-20 22:57:46,097 - __main__ - INFO - epoch average loss: 0.235538
让他在半年之前，就不能做出找出找出找人的特力。我一个人，只不出
李慕站在山路上，深深的呼吸吸吸吸吸吸吸架上，李慕面色一怒，又回
2025-07-20 22:57:46,700 - __main__ - INFO - epoch 13 begin
2025-07-20 22:59:49,752 - __main__ - INFO - epoch average loss: 0.231963
=========
第14轮平均loss:0.231963
让他在半年之前，就不能做出做出做出做出做法的位置，他的身体的身
2025-07-20 22:59:50,333 - __main__ - INFO - epoch 14 begin
李慕站在山路上，深深的呼吸吸吸吸吸吸上，玄冥看了他一眼，说道：
=========
第15轮平均loss:0.227917
2025-07-20 23:01:54,359 - __main__ - INFO - epoch average loss: 0.227917
让他在半年之前，就不能做出做在做在做在做的事情，这点是诸作大人
李慕站在山路上，深深的呼吸吸吸吸吸吸上，显然，李慕的徐腾，在一
2025-07-20 23:01:54,949 - __main__ - INFO - epoch 15 begin
=========
第16轮平均loss:0.221820
2025-07-20 23:03:57,912 - __main__ - INFO - epoch average loss: 0.221820
让他在半年之前，就不能做出做出做后做事的保制。李慕不是不是，是
李慕站在山路上，深深的呼吸吸吸吸吸吸上上，李慕一掌，目光一出，
2025-07-20 23:03:58,557 - __main__ - INFO - epoch 16 begin
=========
第17轮平均loss:0.221678
2025-07-20 23:06:03,052 - __main__ - INFO - epoch average loss: 0.221678
让他在半年之前，就不能做出做了做了做，她的转，她的转。李慕他不
2025-07-20 23:06:03,688 - __main__ - INFO - epoch 17 begin
李慕站在山路上，深深的呼吸吸吸吸吸着布置。一道白了白色的身影，
2025-07-20 23:08:07,502 - __main__ - INFO - epoch average loss: 0.219192
=========
第18轮平均loss:0.219192
让他在半年之前，就不能做出衣，就在在他的威力，一道胸口，的制宋
2025-07-20 23:08:08,117 - __main__ - INFO - epoch 18 begin
李慕站在山路上，深深的呼吸吸吸吸吸吸上，一般的漂亮的离开了食谱
=========
第19轮平均loss:0.218990
2025-07-20 23:10:11,667 - __main__ - INFO - epoch average loss: 0.218990
让他在半年之前，就不能做出做东西在一起，他的脚步，都在一起，一
2025-07-20 23:10:12,287 - __main__ - INFO - epoch 19 begin
李慕站在山路上，深深的呼吸按站站站站的神通四大，不过，日后，李
2025-07-20 23:12:16,606 - __main__ - INFO - epoch average loss: 0.218782
=========
第20轮平均loss:0.218782
让他在半年之前，就不能做出做一做不做不做的小事，就是让他们和李
2025-07-20 23:12:17,193 - __main__ - INFO - epoch 20 begin
李慕站在山路上，深深的呼吸吸吸吸吸吸吸。不过，他不能教她们太过
